\BOOKMARK [1][-]{section.1}{\376\377\000I\000n\000t\000r\000o\000d\000u\000z\000i\000o\000n\000e}{}% 1
\BOOKMARK [2][-]{subsection.1.1}{\376\377\000A\000n\000a\000l\000i\000s\000i\000\040\000d\000e\000l\000l\000e\000\040\000s\000p\000e\000c\000i\000f\000i\000c\000h\000e}{section.1}% 2
\BOOKMARK [2][-]{subsection.1.2}{\376\377\000E\000s\000e\000m\000p\000i\000o}{section.1}% 3
\BOOKMARK [2][-]{subsection.1.3}{\376\377\000A\000p\000p\000r\000o\000c\000c\000i\000o\000\040\000p\000r\000o\000g\000e\000t\000t\000u\000a\000l\000e}{section.1}% 4
\BOOKMARK [1][-]{section.2}{\376\377\000A\000r\000c\000h\000i\000t\000e\000t\000t\000u\000r\000a}{}% 5
\BOOKMARK [2][-]{subsection.2.1}{\376\377\000D\000a\000t\000a\000\040\000p\000a\000t\000h}{section.2}% 6
\BOOKMARK [3][-]{subsubsection.2.1.1}{\376\377\000L\000e\000t\000t\000u\000r\000a\000\040\000d\000a\000\040\000m\000e\000m\000o\000r\000i\000a\000\040\000e\000\040\000s\000e\000r\000i\000a\000l\000i\000z\000z\000a\000z\000i\000o\000n\000e}{subsection.2.1}% 7
\BOOKMARK [3][-]{subsubsection.2.1.2}{\376\377\000C\000o\000n\000v\000o\000l\000u\000t\000o\000r\000e}{subsection.2.1}% 8
\BOOKMARK [3][-]{subsubsection.2.1.3}{\376\377\000D\000e\000s\000e\000r\000i\000a\000l\000i\000z\000z\000a\000z\000i\000o\000n\000e\000\040\000e\000\040\000S\000c\000r\000i\000t\000t\000u\000r\000a\000\040\000i\000n\000\040\000m\000e\000m\000o\000r\000i\000a}{subsection.2.1}% 9
\BOOKMARK [3][-]{subsubsection.2.1.4}{\376\377\000C\000o\000n\000t\000a\000t\000o\000r\000e}{subsection.2.1}% 10
\BOOKMARK [3][-]{subsubsection.2.1.5}{\376\377\000I\000n\000d\000i\000r\000i\000z\000z\000o\000\040\000d\000i\000\040\000l\000e\000t\000t\000u\000r\000a}{subsection.2.1}% 11
\BOOKMARK [3][-]{subsubsection.2.1.6}{\376\377\000I\000n\000d\000i\000r\000i\000z\000z\000o\000\040\000d\000i\000\040\000s\000c\000r\000i\000t\000t\000u\000r\000a}{subsection.2.1}% 12
\BOOKMARK [2][-]{subsection.2.2}{\376\377\000F\000i\000n\000i\000t\000e\000\040\000S\000t\000a\000t\000e\000\040\000M\000a\000c\000h\000i\000n\000e\000\040\000-\000\040\000F\000S\000M}{section.2}% 13
\BOOKMARK [3][-]{subsubsection.2.2.1}{\376\377\000S\000t\000a\000t\000o\000\040\000d\000i\000\040\000r\000e\000s\000e\000t\000\040\000e\000\040\000i\000n\000i\000z\000i\000a\000l\000i\000z\000z\000a\000z\000i\000o\000n\000e}{subsection.2.2}% 14
\BOOKMARK [3][-]{subsubsection.2.2.2}{\376\377\000L\000e\000t\000t\000u\000r\000a\000\040\000e\000\040\000s\000c\000r\000i\000t\000t\000u\000r\000a\000\040\000p\000r\000i\000m\000a\000\040\000p\000a\000r\000o\000l\000a\000\040\000\050\000b\000y\000t\000e\000\051}{subsection.2.2}% 15
\BOOKMARK [3][-]{subsubsection.2.2.3}{\376\377\000L\000e\000t\000t\000u\000r\000a\000\040\000e\000\040\000s\000c\000r\000i\000t\000t\000u\000r\000a\000\040\000p\000a\000r\000o\000l\000e\000\040\000s\000u\000c\000c\000e\000s\000s\000i\000v\000e\000\040\000a\000l\000l\000a\000\040\000p\000r\000i\000m\000a}{subsection.2.2}% 16
\BOOKMARK [3][-]{subsubsection.2.2.4}{\376\377\000T\000e\000r\000m\000i\000n\000a\000z\000i\000o\000n\000e}{subsection.2.2}% 17
\BOOKMARK [1][-]{section.3}{\376\377\000R\000i\000s\000u\000l\000t\000a\000t\000i\000\040\000S\000p\000e\000r\000i\000m\000e\000n\000t\000a\000l\000i}{}% 18
\BOOKMARK [2][-]{subsection.3.1}{\376\377\000S\000i\000n\000t\000e\000s\000i}{section.3}% 19
\BOOKMARK [2][-]{subsection.3.2}{\376\377\000S\000c\000h\000e\000m\000a\000t\000i\000c\000s}{section.3}% 20
\BOOKMARK [2][-]{subsection.3.3}{\376\377\000S\000i\000m\000u\000l\000a\000z\000i\000o\000n\000i}{section.3}% 21
\BOOKMARK [3][-]{subsubsection.3.3.1}{\376\377\000T\000e\000s\000t\000\040\000b\000e\000n\000c\000h\000\040\000:\000\040\000"\000t\000b\000\137\000s\000e\000q\000\137\000m\000i\000n\000"}{subsection.3.3}% 22
\BOOKMARK [3][-]{subsubsection.3.3.2}{\376\377\000T\000e\000s\000t\000\040\000b\000e\000n\000c\000h\000\040\000:\000\040\000"\000t\000b\000\137\000r\000e\000s\000e\000t\000"}{subsection.3.3}% 23
\BOOKMARK [3][-]{subsubsection.3.3.3}{\376\377\000T\000e\000s\000t\000\040\000b\000e\000n\000c\000h\000\040\000:\000\040\000"\000t\000b\000\137\000r\000e\000\137\000e\000n\000c\000o\000d\000e\000"}{subsection.3.3}% 24
\BOOKMARK [3][-]{subsubsection.3.3.4}{\376\377\000T\000e\000s\000t\000\040\000b\000e\000n\000c\000h\000\040\000:\000\040\000"\000t\000b\000\137\000d\000o\000p\000p\000i\000o\000\137\000u\000g\000u\000a\000l\000e\000"}{subsection.3.3}% 25
\BOOKMARK [3][-]{subsubsection.3.3.5}{\376\377\000T\000e\000s\000t\000\040\000b\000e\000n\000c\000h\000\040\000:\000\040\000"\000t\000b\000\137\000s\000e\000q\000\137\000m\000a\000x\000\040\000"}{subsection.3.3}% 26
\BOOKMARK [3][-]{subsubsection.3.3.6}{\376\377\000T\000e\000s\000t\000\040\000b\000e\000n\000c\000h\000\040\000:\000\040\000"\000t\000b\000\137\000t\000r\000e\000\137\000r\000e\000s\000e\000t\000\040\000"}{subsection.3.3}% 27
\BOOKMARK [1][-]{section.4}{\376\377\000C\000o\000n\000c\000l\000u\000s\000i\000o\000n\000i}{}% 28
